<?xml version="1.0" encoding="UTF-8"?>
<testsuite name="com.trainee.moviestore.MoviestoreApplicationTests" tests="1" skipped="0" failures="0" errors="0" timestamp="2021-09-17T14:34:59" hostname="USERPC" time="2.146">
  <properties/>
  <testcase name="contextLoads()" classname="com.trainee.moviestore.MoviestoreApplicationTests" time="2.146"/>
  <system-out><![CDATA[17:34:32.247 [Test worker] DEBUG org.springframework.test.context.BootstrapUtils - Instantiating CacheAwareContextLoaderDelegate from class [org.springframework.test.context.cache.DefaultCacheAwareContextLoaderDelegate]
17:34:32.388 [Test worker] DEBUG org.springframework.test.context.BootstrapUtils - Instantiating BootstrapContext using constructor [public org.springframework.test.context.support.DefaultBootstrapContext(java.lang.Class,org.springframework.test.context.CacheAwareContextLoaderDelegate)]
17:34:32.666 [Test worker] DEBUG org.springframework.test.context.BootstrapUtils - Instantiating TestContextBootstrapper for test class [com.trainee.moviestore.MoviestoreApplicationTests] from class [org.springframework.boot.test.context.SpringBootTestContextBootstrapper]
17:34:32.745 [Test worker] INFO org.springframework.boot.test.context.SpringBootTestContextBootstrapper - Neither @ContextConfiguration nor @ContextHierarchy found for test class [com.trainee.moviestore.MoviestoreApplicationTests], using SpringBootContextLoader
17:34:32.774 [Test worker] DEBUG org.springframework.test.context.support.AbstractContextLoader - Did not detect default resource location for test class [com.trainee.moviestore.MoviestoreApplicationTests]: class path resource [com/trainee/moviestore/MoviestoreApplicationTests-context.xml] does not exist
17:34:32.778 [Test worker] DEBUG org.springframework.test.context.support.AbstractContextLoader - Did not detect default resource location for test class [com.trainee.moviestore.MoviestoreApplicationTests]: class path resource [com/trainee/moviestore/MoviestoreApplicationTestsContext.groovy] does not exist
17:34:32.843 [Test worker] INFO org.springframework.test.context.support.AbstractContextLoader - Could not detect default resource locations for test class [com.trainee.moviestore.MoviestoreApplicationTests]: no resource found for suffixes {-context.xml, Context.groovy}.
17:34:32.850 [Test worker] INFO org.springframework.test.context.support.AnnotationConfigContextLoaderUtils - Could not detect default configuration classes for test class [com.trainee.moviestore.MoviestoreApplicationTests]: MoviestoreApplicationTests does not declare any static, non-private, non-final, nested classes annotated with @Configuration.
17:34:33.169 [Test worker] DEBUG org.springframework.test.context.support.ActiveProfilesUtils - Could not find an 'annotation declaring class' for annotation type [org.springframework.test.context.ActiveProfiles] and class [com.trainee.moviestore.MoviestoreApplicationTests]
17:34:33.629 [Test worker] DEBUG org.springframework.context.annotation.ClassPathScanningCandidateComponentProvider - Identified candidate component class: file [C:\_my\moviestore\build\classes\java\main\com\trainee\moviestore\MoviestoreApplication.class]
17:34:33.636 [Test worker] INFO org.springframework.boot.test.context.SpringBootTestContextBootstrapper - Found @SpringBootConfiguration com.trainee.moviestore.MoviestoreApplication for test class com.trainee.moviestore.MoviestoreApplicationTests
17:34:34.381 [Test worker] DEBUG org.springframework.boot.test.context.SpringBootTestContextBootstrapper - @TestExecutionListeners is not present for class [com.trainee.moviestore.MoviestoreApplicationTests]: using defaults.
17:34:34.384 [Test worker] INFO org.springframework.boot.test.context.SpringBootTestContextBootstrapper - Loaded default TestExecutionListener class names from location [META-INF/spring.factories]: [org.springframework.security.test.context.support.WithSecurityContextTestExecutionListener, org.springframework.security.test.context.support.ReactorContextTestExecutionListener, org.springframework.boot.test.autoconfigure.restdocs.RestDocsTestExecutionListener, org.springframework.boot.test.autoconfigure.web.client.MockRestServiceServerResetTestExecutionListener, org.springframework.boot.test.autoconfigure.web.servlet.MockMvcPrintOnlyOnFailureTestExecutionListener, org.springframework.boot.test.autoconfigure.web.servlet.WebDriverTestExecutionListener, org.springframework.boot.test.autoconfigure.webservices.client.MockWebServiceServerTestExecutionListener, org.springframework.boot.test.mock.mockito.MockitoTestExecutionListener, org.springframework.boot.test.mock.mockito.ResetMocksTestExecutionListener, org.springframework.test.context.web.ServletTestExecutionListener, org.springframework.test.context.support.DirtiesContextBeforeModesTestExecutionListener, org.springframework.test.context.event.ApplicationEventsTestExecutionListener, org.springframework.test.context.support.DependencyInjectionTestExecutionListener, org.springframework.test.context.support.DirtiesContextTestExecutionListener, org.springframework.test.context.transaction.TransactionalTestExecutionListener, org.springframework.test.context.jdbc.SqlScriptsTestExecutionListener, org.springframework.test.context.event.EventPublishingTestExecutionListener]
17:34:34.500 [Test worker] INFO org.springframework.boot.test.context.SpringBootTestContextBootstrapper - Using TestExecutionListeners: [org.springframework.test.context.web.ServletTestExecutionListener@9048fab, org.springframework.test.context.support.DirtiesContextBeforeModesTestExecutionListener@2b7448fc, org.springframework.test.context.event.ApplicationEventsTestExecutionListener@83080b, org.springframework.boot.test.mock.mockito.MockitoTestExecutionListener@415f5c14, org.springframework.boot.test.autoconfigure.SpringBootDependencyInjectionTestExecutionListener@6c0bea43, org.springframework.test.context.support.DirtiesContextTestExecutionListener@65b16c96, org.springframework.test.context.transaction.TransactionalTestExecutionListener@7d6af37b, org.springframework.test.context.jdbc.SqlScriptsTestExecutionListener@46eebf3e, org.springframework.security.test.context.support.WithSecurityContextTestExecutionListener@75041c52, org.springframework.test.context.event.EventPublishingTestExecutionListener@1b3f0bb8, org.springframework.security.test.context.support.ReactorContextTestExecutionListener@31e4d28f, org.springframework.boot.test.autoconfigure.restdocs.RestDocsTestExecutionListener@2c08cc2, org.springframework.boot.test.autoconfigure.web.client.MockRestServiceServerResetTestExecutionListener@57f3e644, org.springframework.boot.test.autoconfigure.web.servlet.MockMvcPrintOnlyOnFailureTestExecutionListener@347255c9, org.springframework.boot.test.autoconfigure.web.servlet.WebDriverTestExecutionListener@23158962, org.springframework.boot.test.autoconfigure.webservices.client.MockWebServiceServerTestExecutionListener@25b5b75e, org.springframework.boot.test.mock.mockito.ResetMocksTestExecutionListener@6d3cb46a]
17:34:34.520 [Test worker] DEBUG org.springframework.test.context.support.AbstractDirtiesContextTestExecutionListener - Before test class: context [DefaultTestContext@3a4df740 testClass = MoviestoreApplicationTests, testInstance = [null], testMethod = [null], testException = [null], mergedContextConfiguration = [WebMergedContextConfiguration@cfe62e1 testClass = MoviestoreApplicationTests, locations = '{}', classes = '{class com.trainee.moviestore.MoviestoreApplication}', contextInitializerClasses = '[]', activeProfiles = '{}', propertySourceLocations = '{}', propertySourceProperties = '{org.springframework.boot.test.context.SpringBootTestContextBootstrapper=true}', contextCustomizers = set[org.springframework.boot.test.autoconfigure.actuate.metrics.MetricsExportContextCustomizerFactory$DisableMetricExportContextCustomizer@164b5640, org.springframework.boot.test.autoconfigure.properties.PropertyMappingContextCustomizer@0, org.springframework.boot.test.autoconfigure.web.servlet.WebDriverContextCustomizerFactory$Customizer@62414af0, org.springframework.boot.test.context.filter.ExcludeFilterContextCustomizer@12d3427f, org.springframework.boot.test.json.DuplicateJsonObjectContextCustomizerFactory$DuplicateJsonObjectContextCustomizer@18bf36d3, org.springframework.boot.test.mock.mockito.MockitoContextCustomizer@0, org.springframework.boot.test.web.client.TestRestTemplateContextCustomizer@ec4bba7, org.springframework.boot.test.context.SpringBootTestArgs@1, org.springframework.boot.test.context.SpringBootTestWebEnvironment@e200e95], resourceBasePath = 'src/main/webapp', contextLoader = 'org.springframework.boot.test.context.SpringBootContextLoader', parent = [null]], attributes = map['org.springframework.test.context.web.ServletTestExecutionListener.activateListener' -> true]], class annotated with @DirtiesContext [false] with mode [null].
17:34:34.761 [Test worker] DEBUG org.springframework.test.context.support.TestPropertySourceUtils - Adding inlined properties to environment: {spring.jmx.enabled=false, org.springframework.boot.test.context.SpringBootTestContextBootstrapper=true}

  .   ____          _            __ _ _
 /\\ / ___'_ __ _ _(_)_ __  __ _ \ \ \ \
( ( )\___ | '_ | '_| | '_ \/ _` | \ \ \ \
 \\/  ___)| |_)| | | | | || (_| |  ) ) ) )
  '  |____| .__|_| |_|_| |_\__, | / / / /
 =========|_|==============|___/=/_/_/_/
 :: Spring Boot ::                (v2.5.4)

2021-09-17 17:34:36.345  INFO 8376 --- [    Test worker] c.t.m.MoviestoreApplicationTests         : Starting MoviestoreApplicationTests using Java 15.0.2 on userpc with PID 8376 (started by user in C:\_my\moviestore)
2021-09-17 17:34:36.358  INFO 8376 --- [    Test worker] c.t.m.MoviestoreApplicationTests         : No active profile set, falling back to default profiles: default
2021-09-17 17:34:41.675  INFO 8376 --- [    Test worker] .s.d.r.c.RepositoryConfigurationDelegate : Bootstrapping Spring Data JPA repositories in DEFAULT mode.
2021-09-17 17:34:41.730  INFO 8376 --- [    Test worker] .s.d.r.c.RepositoryConfigurationDelegate : Finished Spring Data repository scanning in 26 ms. Found 0 JPA repository interfaces.
2021-09-17 17:34:44.892  INFO 8376 --- [    Test worker] com.zaxxer.hikari.HikariDataSource       : HikariPool-1 - Starting...
2021-09-17 17:34:45.960  INFO 8376 --- [    Test worker] com.zaxxer.hikari.HikariDataSource       : HikariPool-1 - Start completed.
2021-09-17 17:34:46.480  INFO 8376 --- [    Test worker] o.hibernate.jpa.internal.util.LogHelper  : HHH000204: Processing PersistenceUnitInfo [name: default]
2021-09-17 17:34:46.855  INFO 8376 --- [    Test worker] org.hibernate.Version                    : HHH000412: Hibernate ORM core version 5.4.32.Final
2021-09-17 17:34:47.773  INFO 8376 --- [    Test worker] o.hibernate.annotations.common.Version   : HCANN000001: Hibernate Commons Annotations {5.1.2.Final}
2021-09-17 17:34:48.511  INFO 8376 --- [    Test worker] org.hibernate.dialect.Dialect            : HHH000400: Using dialect: org.hibernate.dialect.H2Dialect
2021-09-17 17:34:50.014  INFO 8376 --- [    Test worker] o.h.e.t.j.p.i.JtaPlatformInitiator       : HHH000490: Using JtaPlatform implementation: [org.hibernate.engine.transaction.jta.platform.internal.NoJtaPlatform]
2021-09-17 17:34:50.068  INFO 8376 --- [    Test worker] j.LocalContainerEntityManagerFactoryBean : Initialized JPA EntityManagerFactory for persistence unit 'default'
2021-09-17 17:34:52.125  WARN 8376 --- [    Test worker] JpaBaseConfiguration$JpaWebConfiguration : spring.jpa.open-in-view is enabled by default. Therefore, database queries may be performed during view rendering. Explicitly configure spring.jpa.open-in-view to disable this warning
2021-09-17 17:34:57.277  INFO 8376 --- [    Test worker] .s.s.UserDetailsServiceAutoConfiguration : 

Using generated security password: c339d445-586e-460c-9eb8-88ebfc90bf75

2021-09-17 17:34:59.075  INFO 8376 --- [    Test worker] o.s.s.web.DefaultSecurityFilterChain     : Will secure any request with [org.springframework.security.web.context.request.async.WebAsyncManagerIntegrationFilter@d4557fe, org.springframework.security.web.context.SecurityContextPersistenceFilter@77cab9ce, org.springframework.security.web.header.HeaderWriterFilter@5584a6b0, org.springframework.security.web.csrf.CsrfFilter@5e0b92bf, org.springframework.security.web.authentication.logout.LogoutFilter@6533c0f, org.springframework.security.web.authentication.UsernamePasswordAuthenticationFilter@4d00d4fc, org.springframework.security.web.authentication.ui.DefaultLoginPageGeneratingFilter@7c7d5ed6, org.springframework.security.web.authentication.ui.DefaultLogoutPageGeneratingFilter@7b3cf1b, org.springframework.security.web.authentication.www.BasicAuthenticationFilter@4abe81e0, org.springframework.security.web.savedrequest.RequestCacheAwareFilter@2e243b4, org.springframework.security.web.servletapi.SecurityContextHolderAwareRequestFilter@eb83679, org.springframework.security.web.authentication.AnonymousAuthenticationFilter@393cff8c, org.springframework.security.web.session.SessionManagementFilter@26339125, org.springframework.security.web.access.ExceptionTranslationFilter@32047e63, org.springframework.security.web.access.intercept.FilterSecurityInterceptor@79b85f69]
2021-09-17 17:34:59.675  INFO 8376 --- [    Test worker] c.t.m.MoviestoreApplicationTests         : Started MoviestoreApplicationTests in 24.881 seconds (JVM running for 32.032)
]]></system-out>
  <system-err><![CDATA[]]></system-err>
</testsuite>
